{"E:\\code\\Arrangement\\7-Webpack\\cli-demo-vue\\src\\components\\HelloWorld.vue": {"path":"E:\\code\\Arrangement\\7-Webpack\\cli-demo-vue\\src\\components\\HelloWorld.vue","statementMap":{"0":{"start":{"line":112,"column":0},"end":{"line":119,"column":null}},"1":{"start":{"line":1,"column":0},"end":{"line":1,"column":null}}},"fnMap":{"0":{"name":"(anonymous_0)","decl":{"start":{"line":1,"column":0},"end":{"line":1,"column":null}},"loc":{"start":{"line":1,"column":0},"end":{"line":1,"column":null}}}},"branchMap":{},"s":{"0":2,"1":12},"f":{"0":2},"b":{}}
}
